[debug] [2021-08-30T06:20:27.419Z] ----------------------------------------------------------------------
[debug] [2021-08-30T06:20:27.420Z] Command:       C:\Program Files (x86)\nodejs\node.exe C:\Users\ivan.rozinko\AppData\Roaming\npm\node_modules\firebase-tools\lib\bin\firebase.js serve --only functions,hosting
[debug] [2021-08-30T06:20:27.421Z] CLI Version:   9.16.0
[debug] [2021-08-30T06:20:27.421Z] Platform:      win32
[debug] [2021-08-30T06:20:27.421Z] Node Version:  v14.17.0
[debug] [2021-08-30T06:20:27.422Z] Time:          Mon Aug 30 2021 09:20:27 GMT+0300 (Eastern European Summer Time)
[debug] [2021-08-30T06:20:27.422Z] ----------------------------------------------------------------------
[debug] 
[debug] [2021-08-30T06:20:27.471Z] > command requires scopes: ["email","openid","https://www.googleapis.com/auth/cloudplatformprojects.readonly","https://www.googleapis.com/auth/firebase","https://www.googleapis.com/auth/cloud-platform"]
[debug] [2021-08-30T06:20:27.471Z] > authorizing via signed-in user (kangookrop@gmail.com)
[debug] [2021-08-30T06:20:27.471Z] [iam] checking project kangoo-app-host-dev for permissions ["firebase.projects.get"]
[debug] [2021-08-30T06:20:27.473Z] > refreshing access token with scopes: ["email","https://www.googleapis.com/auth/cloud-platform","https://www.googleapis.com/auth/cloudplatformprojects.readonly","https://www.googleapis.com/auth/firebase","openid"]
[debug] [2021-08-30T06:20:27.473Z] >>> HTTP REQUEST POST https://www.googleapis.com/oauth2/v3/token  
 <request body omitted>
[debug] [2021-08-30T06:20:27.685Z] <<< HTTP RESPONSE 200 {"expires":"Mon, 01 Jan 1990 00:00:00 GMT","pragma":"no-cache","date":"Mon, 30 Aug 2021 06:20:27 GMT","cache-control":"no-cache, no-store, max-age=0, must-revalidate","content-type":"application/json; charset=utf-8","vary":"X-Origin, Referer, Origin,Accept-Encoding","server":"scaffolding on HTTPServer2","x-xss-protection":"0","x-frame-options":"SAMEORIGIN","x-content-type-options":"nosniff","alt-svc":"h3=\":443\"; ma=2592000,h3-29=\":443\"; ma=2592000,h3-T051=\":443\"; ma=2592000,h3-Q050=\":443\"; ma=2592000,h3-Q046=\":443\"; ma=2592000,h3-Q043=\":443\"; ma=2592000,quic=\":443\"; ma=2592000; v=\"46,43\"","accept-ranges":"none","transfer-encoding":"chunked"}
[debug] [2021-08-30T06:20:27.695Z] >>> HTTP REQUEST POST https://cloudresourcemanager.googleapis.com/v1/projects/kangoo-app-host-dev:testIamPermissions  
 {"permissions":["firebase.projects.get"]}
[debug] [2021-08-30T06:20:28.503Z] <<< HTTP RESPONSE 200 {"content-type":"application/json; charset=UTF-8","vary":"X-Origin, Referer, Origin,Accept-Encoding","date":"Mon, 30 Aug 2021 06:20:27 GMT","server":"ESF","cache-control":"private","x-xss-protection":"0","x-frame-options":"SAMEORIGIN","x-content-type-options":"nosniff","server-timing":"gfet4t7; dur=682","alt-svc":"h3=\":443\"; ma=2592000,h3-29=\":443\"; ma=2592000,h3-T051=\":443\"; ma=2592000,h3-Q050=\":443\"; ma=2592000,h3-Q046=\":443\"; ma=2592000,h3-Q043=\":443\"; ma=2592000,quic=\":443\"; ma=2592000; v=\"46,43\"","accept-ranges":"none","transfer-encoding":"chunked"}
[debug] [2021-08-30T06:20:28.504Z] > refreshing access token with scopes: []
[debug] [2021-08-30T06:20:28.504Z] >>> HTTP REQUEST POST https://www.googleapis.com/oauth2/v3/token  
 <request body omitted>
[debug] [2021-08-30T06:20:28.709Z] <<< HTTP RESPONSE 200 {"expires":"Mon, 01 Jan 1990 00:00:00 GMT","pragma":"no-cache","cache-control":"no-cache, no-store, max-age=0, must-revalidate","date":"Mon, 30 Aug 2021 06:20:28 GMT","content-type":"application/json; charset=utf-8","vary":"X-Origin, Referer, Origin,Accept-Encoding","server":"scaffolding on HTTPServer2","x-xss-protection":"0","x-frame-options":"SAMEORIGIN","x-content-type-options":"nosniff","alt-svc":"h3=\":443\"; ma=2592000,h3-29=\":443\"; ma=2592000,h3-T051=\":443\"; ma=2592000,h3-Q050=\":443\"; ma=2592000,h3-Q046=\":443\"; ma=2592000,h3-Q043=\":443\"; ma=2592000,quic=\":443\"; ma=2592000; v=\"46,43\"","accept-ranges":"none","transfer-encoding":"chunked"}
[debug] [2021-08-30T06:20:28.719Z] >>> [apiv2][query] GET https://firebase.googleapis.com/v1beta1/projects/kangoo-app-host-dev [none]
[debug] [2021-08-30T06:20:29.038Z] <<< [apiv2][status] GET https://firebase.googleapis.com/v1beta1/projects/kangoo-app-host-dev 200
[debug] [2021-08-30T06:20:29.038Z] <<< [apiv2][body] GET https://firebase.googleapis.com/v1beta1/projects/kangoo-app-host-dev {"projectId":"kangoo-app-host-dev","projectNumber":"974714389499","displayName":"kangoo-app-host-dev","name":"projects/kangoo-app-host-dev","resources":{"hostingSite":"kangoo-app-host-dev"},"state":"ACTIVE"}
[debug] [2021-08-30T06:20:29.041Z] >>> [apiv2][query] GET https://firebasehosting.googleapis.com/v1beta1/projects/kangoo-app-host-dev/sites 
[info] +  functions: Using node@14 from host. {"metadata":{"emulator":{"name":"functions"},"message":"Using node@14 from host."}}
[debug] [2021-08-30T06:20:29.048Z] defaultcredentials: writing to file C:\Users\ivan.rozinko\AppData\Roaming\firebase\kangookrop_gmail_com_application_default_credentials.json
[debug] [2021-08-30T06:20:29.049Z] Setting GAC to C:\Users\ivan.rozinko\AppData\Roaming\firebase\kangookrop_gmail_com_application_default_credentials.json {"metadata":{"emulator":{"name":"functions"},"message":"Setting GAC to C:\\Users\\ivan.rozinko\\AppData\\Roaming\\firebase\\kangookrop_gmail_com_application_default_credentials.json"}}
[debug] [2021-08-30T06:20:29.049Z] >>> [apiv2][query] GET https://firebase.googleapis.com/v1beta1/projects/kangoo-app-host-dev/adminSdkConfig [none]
[debug] [2021-08-30T06:20:29.457Z] <<< [apiv2][status] GET https://firebase.googleapis.com/v1beta1/projects/kangoo-app-host-dev/adminSdkConfig 200
[debug] [2021-08-30T06:20:29.457Z] <<< [apiv2][body] GET https://firebase.googleapis.com/v1beta1/projects/kangoo-app-host-dev/adminSdkConfig {"projectId":"kangoo-app-host-dev","storageBucket":"kangoo-app-host-dev.appspot.com"}
[debug] [2021-08-30T06:20:29.863Z] <<< [apiv2][status] GET https://firebasehosting.googleapis.com/v1beta1/projects/kangoo-app-host-dev/sites 200
[debug] [2021-08-30T06:20:29.864Z] <<< [apiv2][body] GET https://firebasehosting.googleapis.com/v1beta1/projects/kangoo-app-host-dev/sites {}
[debug] [2021-08-30T06:20:29.864Z] Failed to list hosting sites
[debug] 
[debug] [2021-08-30T06:20:29.864Z] >>> [apiv2][query] GET https://firebase.googleapis.com/v1beta1/projects/kangoo-app-host-dev/webApps/-/config [none]
[debug] [2021-08-30T06:20:30.591Z] <<< [apiv2][status] GET https://firebase.googleapis.com/v1beta1/projects/kangoo-app-host-dev/webApps/-/config 200
[debug] [2021-08-30T06:20:30.591Z] <<< [apiv2][body] GET https://firebase.googleapis.com/v1beta1/projects/kangoo-app-host-dev/webApps/-/config {"projectId":"kangoo-app-host-dev","storageBucket":"kangoo-app-host-dev.appspot.com","apiKey":"AIzaSyAigVumZ6CFFJ1SwdgVwNmj4GHnpgDGeUs","authDomain":"kangoo-app-host-dev.firebaseapp.com","messagingSenderId":"974714389499"}
[info] i  functions: Watching "D:\kangoo\kangoo\functions" for Cloud Functions... {"metadata":{"emulator":{"name":"functions"},"message":"Watching \"D:\\kangoo\\kangoo\\functions\" for Cloud Functions..."}}
[debug] [2021-08-30T06:20:30.621Z] [worker-pool] addWorker(~diagnostic~) {"metadata":{"emulator":{"name":"functions"},"message":"[worker-pool] addWorker(~diagnostic~)"}}
[debug] [2021-08-30T06:20:30.621Z] [worker-pool] Adding worker with key ~diagnostic~, total=1 {"metadata":{"emulator":{"name":"functions"},"message":"[worker-pool] Adding worker with key ~diagnostic~, total=1"}}
[debug] [2021-08-30T06:20:30.621Z] [worker-pool] submitWork(triggerId=) {"metadata":{"emulator":{"name":"functions"},"message":"[worker-pool] submitWork(triggerId=)"}}
[debug] [2021-08-30T06:20:30.621Z] [worker-~diagnostic~-a2dcb7a1-40a6-4e95-97bf-1d889883c944]: Assigning socketPath: \\?\pipe\D:\kangoo\kangoo\functions\22024 {"metadata":{"emulator":{"name":"functions"},"message":"[worker-~diagnostic~-a2dcb7a1-40a6-4e95-97bf-1d889883c944]: Assigning socketPath: \\\\?\\pipe\\D:\\kangoo\\kangoo\\functions\\22024"}}
[debug] [2021-08-30T06:20:30.621Z] [worker-~diagnostic~-a2dcb7a1-40a6-4e95-97bf-1d889883c944]: BUSY {"metadata":{"emulator":{"name":"functions"},"message":"[worker-~diagnostic~-a2dcb7a1-40a6-4e95-97bf-1d889883c944]: BUSY"}}
[info] i  hosting[kangoo]: Serving hosting files from: /functions/build {"metadata":{"emulator":{"name":"hosting"},"message":"Serving hosting files from: \u001b[1m/functions/build\u001b[22m"}}
[info] +  hosting[kangoo]: Local server: http://localhost:5000 {"metadata":{"emulator":{"name":"hosting"},"message":"Local server: \u001b[4m\u001b[1mhttp://localhost:5000\u001b[22m\u001b[24m"}}
[debug] [2021-08-30T06:20:30.795Z] [runtime-status] [22024] Functions runtime initialized. {"cwd":"D:\\kangoo\\kangoo\\functions","node_version":"14.17.0"} {"metadata":{"emulator":{"name":"functions"},"message":"[runtime-status] [22024] Functions runtime initialized. {\"cwd\":\"D:\\\\kangoo\\\\kangoo\\\\functions\",\"node_version\":\"14.17.0\"}"}}
[debug] [2021-08-30T06:20:30.796Z] [runtime-status] [22024] Disabled runtime features: undefined {"metadata":{"emulator":{"name":"functions"},"message":"[runtime-status] [22024] Disabled runtime features: undefined"}}
[debug] [2021-08-30T06:20:30.798Z] [runtime-status] [22024] Resolved module firebase-admin {"declared":true,"installed":true,"version":"9.11.1","resolution":"D:\\kangoo\\kangoo\\functions\\node_modules\\firebase-admin\\lib\\index.js"} {"metadata":{"emulator":{"name":"functions"},"message":"[runtime-status] [22024] Resolved module firebase-admin {\"declared\":true,\"installed\":true,\"version\":\"9.11.1\",\"resolution\":\"D:\\\\kangoo\\\\kangoo\\\\functions\\\\node_modules\\\\firebase-admin\\\\lib\\\\index.js\"}"}}
[debug] [2021-08-30T06:20:30.800Z] [runtime-status] [22024] Resolved module firebase-functions {"declared":true,"installed":true,"version":"3.15.4","resolution":"D:\\kangoo\\kangoo\\functions\\node_modules\\firebase-functions\\lib\\index.js"} {"metadata":{"emulator":{"name":"functions"},"message":"[runtime-status] [22024] Resolved module firebase-functions {\"declared\":true,\"installed\":true,\"version\":\"3.15.4\",\"resolution\":\"D:\\\\kangoo\\\\kangoo\\\\functions\\\\node_modules\\\\firebase-functions\\\\lib\\\\index.js\"}"}}
[debug] [2021-08-30T06:20:30.803Z] [runtime-status] [22024] Resolved module firebase-functions {"declared":true,"installed":true,"version":"3.15.4","resolution":"D:\\kangoo\\kangoo\\functions\\node_modules\\firebase-functions\\lib\\index.js"} {"metadata":{"emulator":{"name":"functions"},"message":"[runtime-status] [22024] Resolved module firebase-functions {\"declared\":true,\"installed\":true,\"version\":\"3.15.4\",\"resolution\":\"D:\\\\kangoo\\\\kangoo\\\\functions\\\\node_modules\\\\firebase-functions\\\\lib\\\\index.js\"}"}}
[debug] [2021-08-30T06:20:30.804Z] [runtime-status] [22024] Outgoing network have been stubbed. [{"name":"http","status":"mocked"},{"name":"http","status":"mocked"},{"name":"https","status":"mocked"},{"name":"https","status":"mocked"},{"name":"net","status":"mocked"}] {"metadata":{"emulator":{"name":"functions"},"message":"[runtime-status] [22024] Outgoing network have been stubbed. [{\"name\":\"http\",\"status\":\"mocked\"},{\"name\":\"http\",\"status\":\"mocked\"},{\"name\":\"https\",\"status\":\"mocked\"},{\"name\":\"https\",\"status\":\"mocked\"},{\"name\":\"net\",\"status\":\"mocked\"}]"}}
[debug] [2021-08-30T06:20:30.804Z] [runtime-status] [22024] Resolved module firebase-functions {"declared":true,"installed":true,"version":"3.15.4","resolution":"D:\\kangoo\\kangoo\\functions\\node_modules\\firebase-functions\\lib\\index.js"} {"metadata":{"emulator":{"name":"functions"},"message":"[runtime-status] [22024] Resolved module firebase-functions {\"declared\":true,\"installed\":true,\"version\":\"3.15.4\",\"resolution\":\"D:\\\\kangoo\\\\kangoo\\\\functions\\\\node_modules\\\\firebase-functions\\\\lib\\\\index.js\"}"}}
[debug] [2021-08-30T06:20:30.841Z] [runtime-status] [22024] Checked functions.config() {"config":{}} {"metadata":{"emulator":{"name":"functions"},"message":"[runtime-status] [22024] Checked functions.config() {\"config\":{}}"}}
[debug] [2021-08-30T06:20:30.842Z] [runtime-status] [22024] firebase-functions has been stubbed. {"functionsResolution":{"declared":true,"installed":true,"version":"3.15.4","resolution":"D:\\kangoo\\kangoo\\functions\\node_modules\\firebase-functions\\lib\\index.js"}} {"metadata":{"emulator":{"name":"functions"},"message":"[runtime-status] [22024] firebase-functions has been stubbed. {\"functionsResolution\":{\"declared\":true,\"installed\":true,\"version\":\"3.15.4\",\"resolution\":\"D:\\\\kangoo\\\\kangoo\\\\functions\\\\node_modules\\\\firebase-functions\\\\lib\\\\index.js\"}}"}}
[debug] [2021-08-30T06:20:30.842Z] [runtime-status] [22024] Resolved module firebase-functions {"declared":true,"installed":true,"version":"3.15.4","resolution":"D:\\kangoo\\kangoo\\functions\\node_modules\\firebase-functions\\lib\\index.js"} {"metadata":{"emulator":{"name":"functions"},"message":"[runtime-status] [22024] Resolved module firebase-functions {\"declared\":true,\"installed\":true,\"version\":\"3.15.4\",\"resolution\":\"D:\\\\kangoo\\\\kangoo\\\\functions\\\\node_modules\\\\firebase-functions\\\\lib\\\\index.js\"}"}}
[debug] [2021-08-30T06:20:30.843Z] [runtime-status] [22024] Resolved module firebase-admin {"declared":true,"installed":true,"version":"9.11.1","resolution":"D:\\kangoo\\kangoo\\functions\\node_modules\\firebase-admin\\lib\\index.js"} {"metadata":{"emulator":{"name":"functions"},"message":"[runtime-status] [22024] Resolved module firebase-admin {\"declared\":true,\"installed\":true,\"version\":\"9.11.1\",\"resolution\":\"D:\\\\kangoo\\\\kangoo\\\\functions\\\\node_modules\\\\firebase-admin\\\\lib\\\\index.js\"}"}}
[debug] [2021-08-30T06:20:30.844Z] [runtime-status] [22024] Resolved module firebase-functions {"declared":true,"installed":true,"version":"3.15.4","resolution":"D:\\kangoo\\kangoo\\functions\\node_modules\\firebase-functions\\lib\\index.js"} {"metadata":{"emulator":{"name":"functions"},"message":"[runtime-status] [22024] Resolved module firebase-functions {\"declared\":true,\"installed\":true,\"version\":\"3.15.4\",\"resolution\":\"D:\\\\kangoo\\\\kangoo\\\\functions\\\\node_modules\\\\firebase-functions\\\\lib\\\\index.js\"}"}}
[debug] [2021-08-30T06:20:30.844Z] [runtime-status] [22024] firebase-admin has been stubbed. {"adminResolution":{"declared":true,"installed":true,"version":"9.11.1","resolution":"D:\\kangoo\\kangoo\\functions\\node_modules\\firebase-admin\\lib\\index.js"}} {"metadata":{"emulator":{"name":"functions"},"message":"[runtime-status] [22024] firebase-admin has been stubbed. {\"adminResolution\":{\"declared\":true,\"installed\":true,\"version\":\"9.11.1\",\"resolution\":\"D:\\\\kangoo\\\\kangoo\\\\functions\\\\node_modules\\\\firebase-admin\\\\lib\\\\index.js\"}}"}}
[warn] !  Error: Cannot find module 'bcryptjs'
Require stack:
- D:\kangoo\kangoo\functions\routes\auth.routes.js
- D:\kangoo\kangoo\functions\index.js
- C:\Users\ivan.rozinko\AppData\Roaming\npm\node_modules\firebase-tools\lib\emulator\functionsEmulatorRuntime.js
    at Function.Module._resolveFilename (internal/modules/cjs/loader.js:885:15)
    at Function.Module._load (internal/modules/cjs/loader.js:730:27)
    at Module.require (internal/modules/cjs/loader.js:957:19)
    at require (internal/modules/cjs/helpers.js:88:18)
    at Object.<anonymous> (D:\kangoo\kangoo\functions\routes\auth.routes.js:2:16)
    at Module._compile (internal/modules/cjs/loader.js:1068:30)
    at Object.Module._extensions..js (internal/modules/cjs/loader.js:1097:10)
    at Module.load (internal/modules/cjs/loader.js:933:32)
    at Function.Module._load (internal/modules/cjs/loader.js:774:14)
    at Module.require (internal/modules/cjs/loader.js:957:19)
    at require (internal/modules/cjs/helpers.js:88:18)
    at Object.<anonymous> (D:\kangoo\kangoo\functions\index.js:14:22)
    at Module._compile (internal/modules/cjs/loader.js:1068:30)
    at Object.Module._extensions..js (internal/modules/cjs/loader.js:1097:10)
    at Module.load (internal/modules/cjs/loader.js:933:32)
    at Function.Module._load (internal/modules/cjs/loader.js:774:14) {"metadata":{"emulator":{"name":"functions"},"message":"Error: Cannot find module 'bcryptjs'\nRequire stack:\n- D:\\kangoo\\kangoo\\functions\\routes\\auth.routes.js\n- D:\\kangoo\\kangoo\\functions\\index.js\n- C:\\Users\\ivan.rozinko\\AppData\\Roaming\\npm\\node_modules\\firebase-tools\\lib\\emulator\\functionsEmulatorRuntime.js\n    at Function.Module._resolveFilename (internal/modules/cjs/loader.js:885:15)\n    at Function.Module._load (internal/modules/cjs/loader.js:730:27)\n    at Module.require (internal/modules/cjs/loader.js:957:19)\n    at require (internal/modules/cjs/helpers.js:88:18)\n    at Object.<anonymous> (D:\\kangoo\\kangoo\\functions\\routes\\auth.routes.js:2:16)\n    at Module._compile (internal/modules/cjs/loader.js:1068:30)\n    at Object.Module._extensions..js (internal/modules/cjs/loader.js:1097:10)\n    at Module.load (internal/modules/cjs/loader.js:933:32)\n    at Function.Module._load (internal/modules/cjs/loader.js:774:14)\n    at Module.require (internal/modules/cjs/loader.js:957:19)\n    at require (internal/modules/cjs/helpers.js:88:18)\n    at Object.<anonymous> (D:\\kangoo\\kangoo\\functions\\index.js:14:22)\n    at Module._compile (internal/modules/cjs/loader.js:1068:30)\n    at Object.Module._extensions..js (internal/modules/cjs/loader.js:1097:10)\n    at Module.load (internal/modules/cjs/loader.js:933:32)\n    at Function.Module._load (internal/modules/cjs/loader.js:774:14)"}}
[warn] !  We were unable to load your functions code. (see above) {"metadata":{"emulator":{"name":"functions"}}}
[debug] [2021-08-30T06:20:31.278Z] [worker-~diagnostic~-a2dcb7a1-40a6-4e95-97bf-1d889883c944]: exited {"metadata":{"emulator":{"name":"functions"},"message":"[worker-~diagnostic~-a2dcb7a1-40a6-4e95-97bf-1d889883c944]: exited"}}
[debug] [2021-08-30T06:20:31.278Z] [worker-~diagnostic~-a2dcb7a1-40a6-4e95-97bf-1d889883c944]: FINISHED {"metadata":{"emulator":{"name":"functions"},"message":"[worker-~diagnostic~-a2dcb7a1-40a6-4e95-97bf-1d889883c944]: FINISHED"}}
